\BOOKMARK [1][-]{section.1}{Problema 1}{}% 1
\BOOKMARK [2][-]{subsection.1.1}{Propuesta de Soluci\363n}{section.1}% 2
\BOOKMARK [2][-]{subsection.1.2}{Correctitud}{section.1}% 3
\BOOKMARK [2][-]{subsection.1.3}{Pseudoc\363digo}{section.1}% 4
\BOOKMARK [2][-]{subsection.1.4}{An\341lisis de la complejidad temporal}{section.1}% 5
\BOOKMARK [1][-]{section.2}{Problema 2}{}% 6
\BOOKMARK [2][-]{subsection.2.1}{Propuesta de Soluci\363n}{section.2}% 7
\BOOKMARK [2][-]{subsection.2.2}{Correctitud}{section.2}% 8
\BOOKMARK [2][-]{subsection.2.3}{Pseudoc\363digo:}{section.2}% 9
\BOOKMARK [2][-]{subsection.2.4}{An\341lisis de la complejidad temporal}{section.2}% 10
\BOOKMARK [1][-]{section.3}{Problema 3}{}% 11
\BOOKMARK [2][-]{subsection.3.1}{Propuesta de Soluci\363n}{section.3}% 12
\BOOKMARK [2][-]{subsection.3.2}{Correctitud}{section.3}% 13
\BOOKMARK [2][-]{subsection.3.3}{Pseudoc\363digo}{section.3}% 14
\BOOKMARK [2][-]{subsection.3.4}{An\341lisis de la complejidad temporal}{section.3}% 15
\BOOKMARK [1][-]{section.4}{Problema 4}{}% 16
\BOOKMARK [2][-]{subsection.4.1}{Propuesta de Soluci\363n}{section.4}% 17
\BOOKMARK [2][-]{subsection.4.2}{Correctitud}{section.4}% 18
\BOOKMARK [2][-]{subsection.4.3}{Pseudoc\363digo}{section.4}% 19
\BOOKMARK [2][-]{subsection.4.4}{An\341lisis de la complejidad temporal}{section.4}% 20
